DEBUG ]: Instance Signature: bb84f4e91a3ac77706c4ef85e06e3bfaff487fc8_1775918236_393615887
DEBUG ]: Runtime directory: /run/user/1000/hypr/bb84f4e91a3ac77706c4ef85e06e3bfaff487fc8_1775918236_393615887
DEBUG ]: Hyprland PID: 1524
DEBUG ]: ===== SYSTEM INFO: =====
DEBUG ]: System name: Linux
DEBUG ]: Node name: nixos
DEBUG ]: Release: 6.18.20
DEBUG ]: Version: #1-NixOS SMP PREEMPT_DYNAMIC Wed Mar 25 10:10:46 UTC 2026
DEBUG ]: 

DEBUG ]: GPU information:
01:00.0 VGA compatible controller [0300]: NVIDIA Corporation GP102 [GeForce GTX 1080 Ti] [10de:1b06] (rev a1) (prog-if 00 [VGA controller])


WARN ]: Warning: you're using an NVIDIA GPU. Make sure you follow the instructions on the wiki if anything is amiss.

DEBUG ]: os-release:
DEBUG ]: ANSI_COLOR="0;38;2;126;186;228"
BUG_REPORT_URL="https://github.com/NixOS/nixpkgs/issues"
BUILD_ID="26.05.20260328.8110df5"
CPE_NAME="cpe:/o:nixos:nixos:26.05"
DEFAULT_HOSTNAME=nixos
DOCUMENTATION_URL="https://nixos.org/learn.html"
HOME_URL="https://nixos.org/"
ID=nixos
ID_LIKE=""
IMAGE_ID=""
IMAGE_VERSION=""
LOGO="nix-snowflake"
NAME=NixOS
PRETTY_NAME="NixOS 26.05 (Yarara)"
SUPPORT_URL="https://nixos.org/community.html"
VARIANT=""
VARIANT_ID=""
VENDOR_NAME=NixOS
VENDOR_URL="https://nixos.org/"
VERSION="26.05 (Yarara)"
VERSION_CODENAME=yarara
VERSION_ID="26.05"
DEBUG ]: ========================
DEBUG ]: 


DEBUG ]: If you are crashing, or encounter any bugs, please consult https://wiki.hypr.land/Crashes-and-Bugs/


DEBUG ]: 
Current splash: Kickstart my heart, give it a start


DEBUG ]: Old rlimit: soft -> 1024, hard -> 524288
DEBUG ]: New rlimit: soft -> 524288, hard -> 524288
DEBUG ]: Creating the EventLoopManager!
DEBUG ]: Creating the KeybindManager!
DEBUG ]: Creating the AnimationManager!
DEBUG ]: Creating the DynamicPermissionManager!
DEBUG ]: Creating the ConfigManager!
DEBUG ]: Using config: /home/jay/.config/hypr/hyprland.conf
DEBUG ]: !!!!HEY YOU, YES YOU!!!!: further logs to stdout / logfile are disabled by default. BEFORE SENDING THIS LOG, ENABLE THEM. Use debug:disable_logs = false to do so: https://wiki.hypr.land/Configuring/Variables/#debug
WARN ]: No config file found; attempting to generate.
DEBUG ]: Creating the CHyprError!
DEBUG ]: Creating the LayoutManager!
DEBUG ]: Creating the TokenManager!
DEBUG ]: Using config: /home/jay/.config/hypr/hyprland.conf
DEBUG ]: Disabling stdout logs! Check the log for further logs.
DEBUG ]: Creating the PointerManager!
DEBUG ]: Creating the EventManager!
DEBUG ]: Creating the AsyncResourceGatherer!
DEBUG from aquamarine ]: Creating an Aquamarine backend!
DEBUG from aquamarine ]: [libseat] [libseat/backend/seatd.c:64] Could not connect to socket /run/seatd.sock: No such file or directory
DEBUG from aquamarine ]: [libseat] [libseat/libseat.c:76] Backend 'seatd' failed to open seat, skipping
DEBUG from aquamarine ]: [libseat] [libseat/libseat.c:73] Seat opened with backend 'logind'
DEBUG from aquamarine ]: drm: Enumerated device /sys/devices/pci0000:00/0000:00:01.0/0000:01:00.0/drm/card1
DEBUG from aquamarine ]: libseat: Device /dev/dri/card1 supports kms
DEBUG from aquamarine ]: drm: Enumerated device /sys/devices/pci0000:00/0000:00:01.0/0000:01:00.0/simple-framebuffer.0/drm/card0
DEBUG from aquamarine ]: libseat: Device /dev/dri/card0 supports kms
DEBUG from aquamarine ]: drm: Found 2 GPUs
DEBUG from aquamarine ]: drm: Starting backend for /dev/dri/card0, with driver simpledrm
DEBUG from aquamarine ]: drm: Registered gpu /dev/dri/card0
DEBUG from aquamarine ]: drm: Atomic supported, using atomic for modesetting
DEBUG from aquamarine ]: drm: drmProps.supportsAsyncCommit: false
DEBUG from aquamarine ]: drm: drmProps.supportsAddFb2Modifiers: true
DEBUG from aquamarine ]: drm: drmProps.supportsTimelines: false
DEBUG from aquamarine ]: drm: found 1 CRTCs
DEBUG from aquamarine ]: drm: found 1 planes
DEBUG from aquamarine ]: drm: Plane 33 has type 1
DEBUG from aquamarine ]: drm: Plane 33 has 1 formats
DEBUG from aquamarine ]: drm: Plane: checking for modifiers
DEBUG from aquamarine ]: drm: Basic init pass for gpu /dev/dri/card0
DEBUG from aquamarine ]: drm: Scanning connectors for /dev/dri/card0
DEBUG from aquamarine ]: drm: Scanning connector id 37
DEBUG from aquamarine ]: drm: Initializing connector id 37
DEBUG from aquamarine ]: drm: Connector gets name Unknown-1
DEBUG from aquamarine ]: drm: Connector 37 connection state: 1
DEBUG from aquamarine ]: drm: Rechecking CRTCs
DEBUG from aquamarine ]: drm: Skipping connector Unknown-1, has crtc 35 and is connected
DEBUG from aquamarine ]: drm: slot 0 crtc 35 taken by Unknown-1, skipping
DEBUG from aquamarine ]: drm: Connector Unknown-1 connected
DEBUG from aquamarine ]: drm: Connecting connector Unknown-1, CRTC ID 35
DEBUG from aquamarine ]: drm: Dumping detected modes:
DEBUG from aquamarine ]: drm: Mode 0: 1024x768@60.00Hz  (preferred)
DEBUG from aquamarine ]: drm: Physical size [Vector2D: x: 270, y: 203] (mm)
ERR from aquamarine ]: drm: failed to parse edid
DEBUG from aquamarine ]: drm: Description    (Unknown-1)
DEBUG from aquamarine ]: drm: connector Unknown-1 crtc is incapable of vrr: props.vrr_capable -> 0, crtc->props.vrr_enabled -> 24
DEBUG from aquamarine ]: drm: Explicit sync unsupported
DEBUG from aquamarine ]: drm: connector Unknown-1 crtc doesn't support CTM
DEBUG from aquamarine ]: drm: connector Unknown-1 crtc doesn't support HDR (0)
DEBUG from aquamarine ]: drm: connector Unknown-1 crtc doesn't support Colorspace (0)
DEBUG from aquamarine ]: drm: gpu /dev/dri/card0 becomes primary drm
DEBUG from aquamarine ]: DRM Dumb: created a dumb allocator
DEBUG from aquamarine ]: drm: Starting backend for /dev/dri/card1, with driver nvidia-drm with primary /dev/dri/card0
DEBUG from aquamarine ]: drm: Registered gpu /dev/dri/card1
DEBUG from aquamarine ]: drm: Atomic supported, using atomic for modesetting
DEBUG from aquamarine ]: drm: drmProps.supportsAsyncCommit: true
DEBUG from aquamarine ]: drm: drmProps.supportsAddFb2Modifiers: true
DEBUG from aquamarine ]: drm: drmProps.supportsTimelines: false
DEBUG from aquamarine ]: drm: found 4 CRTCs
DEBUG from aquamarine ]: drm: found 12 planes
DEBUG from aquamarine ]: drm: Plane 37 has type 1
DEBUG from aquamarine ]: drm: Plane 37 has 11 formats
DEBUG from aquamarine ]: drm: Plane: checking for modifiers
DEBUG from aquamarine ]: drm: Plane 40 has type 2
DEBUG from aquamarine ]: drm: Plane 40 has 1 formats
DEBUG from aquamarine ]: drm: Plane: checking for modifiers
DEBUG from aquamarine ]: drm: Plane 44 has type 0
DEBUG from aquamarine ]: drm: Plane 44 has 8 formats
DEBUG from aquamarine ]: drm: Plane: checking for modifiers
DEBUG from aquamarine ]: drm: Plane 47 has type 1
DEBUG from aquamarine ]: drm: Plane 47 has 11 formats
DEBUG from aquamarine ]: drm: Plane: checking for modifiers
DEBUG from aquamarine ]: drm: Plane 50 has type 2
DEBUG from aquamarine ]: drm: Plane 50 has 1 formats
DEBUG from aquamarine ]: drm: Plane: checking for modifiers
DEBUG from aquamarine ]: drm: Plane 54 has type 0
DEBUG from aquamarine ]: drm: Plane 54 has 8 formats
DEBUG from aquamarine ]: drm: Plane: checking for modifiers
DEBUG from aquamarine ]: drm: Plane 57 has type 1
DEBUG from aquamarine ]: drm: Plane 57 has 11 formats
DEBUG from aquamarine ]: drm: Plane: checking for modifiers
DEBUG from aquamarine ]: drm: Plane 60 has type 2
DEBUG from aquamarine ]: drm: Plane 60 has 1 formats
DEBUG from aquamarine ]: drm: Plane: checking for modifiers
DEBUG from aquamarine ]: drm: Plane 64 has type 0
DEBUG from aquamarine ]: drm: Plane 64 has 8 formats
DEBUG from aquamarine ]: drm: Plane: checking for modifiers
DEBUG from aquamarine ]: drm: Plane 67 has type 1
DEBUG from aquamarine ]: drm: Plane 67 has 11 formats
DEBUG from aquamarine ]: drm: Plane: checking for modifiers
DEBUG from aquamarine ]: drm: Plane 70 has type 2
DEBUG from aquamarine ]: drm: Plane 70 has 1 formats
DEBUG from aquamarine ]: drm: Plane: checking for modifiers
DEBUG from aquamarine ]: drm: Plane 74 has type 0
DEBUG from aquamarine ]: drm: Plane 74 has 8 formats
DEBUG from aquamarine ]: drm: Plane: checking for modifiers
DEBUG from aquamarine ]: drm: Basic init pass for gpu /dev/dri/card1
DEBUG from aquamarine ]: drm: Scanning connectors for /dev/dri/card1
DEBUG from aquamarine ]: drm: Scanning connector id 78
DEBUG from aquamarine ]: drm: Initializing connector id 78
DEBUG from aquamarine ]: drm: Connector gets name DVI-D-1
ERR from aquamarine ]: drm: getCurrentCRTC: No CRTC 0
DEBUG from aquamarine ]: drm: Connector 78 connection state: 2
DEBUG from aquamarine ]: drm: Scanning connector id 80
DEBUG from aquamarine ]: drm: Initializing connector id 80
DEBUG from aquamarine ]: drm: Connector gets name HDMI-A-1
ERR from aquamarine ]: drm: getCurrentCRTC: No CRTC 0
DEBUG from aquamarine ]: drm: Connector 80 connection state: 2
DEBUG from aquamarine ]: drm: Scanning connector id 82
DEBUG from aquamarine ]: drm: Initializing connector id 82
DEBUG from aquamarine ]: drm: Connector gets name HDMI-A-2
ERR from aquamarine ]: drm: getCurrentCRTC: No CRTC 0
DEBUG from aquamarine ]: drm: Connector 82 connection state: 2
DEBUG from aquamarine ]: drm: Scanning connector id 84
DEBUG from aquamarine ]: drm: Initializing connector id 84
DEBUG from aquamarine ]: drm: Connector gets name DP-1
ERR from aquamarine ]: drm: getCurrentCRTC: No CRTC 0
DEBUG from aquamarine ]: drm: Connector 84 connection state: 2
DEBUG from aquamarine ]: drm: Scanning connector id 87
DEBUG from aquamarine ]: drm: Initializing connector id 87
DEBUG from aquamarine ]: drm: Connector gets name DP-2
ERR from aquamarine ]: drm: getCurrentCRTC: No CRTC 0
DEBUG from aquamarine ]: drm: Connector 87 connection state: 1
DEBUG from aquamarine ]: drm: Rechecking CRTCs
DEBUG from aquamarine ]: drm: connector DVI-D-1, has crtc -1, will be rechecked
DEBUG from aquamarine ]: drm: connector HDMI-A-1, has crtc -1, will be rechecked
DEBUG from aquamarine ]: drm: connector HDMI-A-2, has crtc -1, will be rechecked
DEBUG from aquamarine ]: drm: connector DP-1, has crtc -1, will be rechecked
DEBUG from aquamarine ]: drm: connector DP-2, has crtc -1, will be rechecked
DEBUG from aquamarine ]: drm: connected slot 0 crtc 43 assigned to DP-2
DEBUG from aquamarine ]: drm: slot 1 crtc 53 unassigned
DEBUG from aquamarine ]: drm: slot 2 crtc 63 unassigned
DEBUG from aquamarine ]: drm: slot 3 crtc 73 unassigned
DEBUG from aquamarine ]: drm: Connector DVI-D-1 is not connected
DEBUG from aquamarine ]: drm: Connector HDMI-A-1 is not connected
DEBUG from aquamarine ]: drm: Connector HDMI-A-2 is not connected
DEBUG from aquamarine ]: drm: Connector DP-1 is not connected
DEBUG from aquamarine ]: drm: Connector DP-2 connected
DEBUG from aquamarine ]: drm: Connecting connector DP-2, CRTC ID 43
DEBUG from aquamarine ]: drm: Dumping detected modes:
DEBUG from aquamarine ]: drm: Mode 0: 2560x1440@59.95Hz  (preferred)
DEBUG from aquamarine ]: drm: Mode 1: 2560x1440@165.00Hz 
DEBUG from aquamarine ]: drm: Mode 2: 2560x1440@144.00Hz 
DEBUG from aquamarine ]: drm: Mode 3: 2560x1440@120.00Hz 
DEBUG from aquamarine ]: drm: Mode 4: 2560x1440@99.95Hz 
DEBUG from aquamarine ]: drm: Mode 5: 2560x1440@84.98Hz 
DEBUG from aquamarine ]: drm: Mode 6: 2560x1440@23.97Hz 
DEBUG from aquamarine ]: drm: Mode 7: 1024x768@60.00Hz 
DEBUG from aquamarine ]: drm: Mode 8: 800x600@60.32Hz 
DEBUG from aquamarine ]: drm: Mode 9: 640x480@59.94Hz 
DEBUG from aquamarine ]: drm: Physical size [Vector2D: x: 600, y: 340] (mm)
DEBUG from aquamarine ]: drm: Description Ancor Communications Inc ROG PG279Q #ASNEWpUjmsLd (DP-2)
DEBUG from aquamarine ]: drm: connector DP-2 crtc is incapable of vrr: props.vrr_capable -> 93, crtc->props.vrr_enabled -> 24
DEBUG from aquamarine ]: drm: Explicit sync unsupported
DEBUG from aquamarine ]: drm: connector DP-2 crtc doesn't support CTM
DEBUG from aquamarine ]: drm: connector DP-2 crtc doesn't support HDR (0)
DEBUG from aquamarine ]: drm: connector DP-2 crtc doesn't support Colorspace (0)
DEBUG from aquamarine ]: DRM Dumb: created a dumb allocator
DEBUG from aquamarine ]: Starting the Aquamarine backend!
DEBUG from aquamarine ]: Starting the Wayland backend!
ERR from aquamarine ]: Wayland backend cannot start: wl_display_connect failed (is a wayland compositor running?)
ERR from aquamarine ]: Requested backend (wayland) could not start, enabling fallbacks
ERR from aquamarine ]: Implementation wayland failed, erasing.
DEBUG from aquamarine ]: Created a GBM allocator with drm fd 44
DEBUG from aquamarine ]: drm: Connectors size2 1
DEBUG from aquamarine ]: Supported EGL client extensions: (16) EGL_EXT_platform_base EGL_EXT_device_base EGL_EXT_device_enumeration EGL_EXT_device_query EGL_KHR_client_get_all_proc_addresses EGL_EXT_client_extensions EGL_KHR_debug EGL_KHR_platform_x11 EGL_EXT_platform_x11 EGL_EXT_platform_device EGL_MESA_platform_surfaceless EGL_EXT_explicit_device EGL_KHR_platform_wayland EGL_EXT_platform_wayland EGL_KHR_platform_gbm EGL_MESA_platform_gbm EGL_EXT_platform_xcb
ERR from aquamarine ]: [EGL] Command eglQueryDeviceStringEXT errored out with EGL_BAD_PARAMETER (0x12300): eglQueryDeviceStringEXT
ERR from aquamarine ]: [EGL] Command eglQueryDeviceStringEXT errored out with EGL_BAD_PARAMETER (0x12300): eglQueryDeviceStringEXT
ERR from aquamarine ]: CDRMRenderer(drm): Can't create renderer, no matching devices found
ERR from aquamarine ]: drm: initMgpu: no renderer
ERR from aquamarine ]: drm: Failed to initialize renderer state for /dev/dri/card0
DEBUG from aquamarine ]: drm: Connectors size2 5
DEBUG from aquamarine ]: drm: onReady: connector 78
DEBUG from aquamarine ]: drm: onReady: connector 80
DEBUG from aquamarine ]: drm: onReady: connector 82
DEBUG from aquamarine ]: drm: onReady: connector 84
DEBUG from aquamarine ]: drm: onReady: connector 87
DEBUG from aquamarine ]: drm: onReady: connector 87 has output name DP-2
DEBUG from aquamarine ]: Swapchain: Clearing
DEBUG from aquamarine ]: GBM: Buffer is marked as multigpu, forcing linear
DEBUG from aquamarine ]: GBM: Allocated a new buffer with size [Vector2D: x: 2560, y: 1440] and format XR24 with modifier 0x0 : LINEAR
DEBUG from aquamarine ]: GBM: Buffer is marked as multigpu, forcing linear
DEBUG from aquamarine ]: GBM: Allocated a new buffer with size [Vector2D: x: 2560, y: 1440] and format XR24 with modifier 0x0 : LINEAR
DEBUG from aquamarine ]: GBM: Buffer is marked as multigpu, forcing linear
DEBUG from aquamarine ]: GBM: Allocated a new buffer with size [Vector2D: x: 2560, y: 1440] and format XR24 with modifier 0x0 : LINEAR
DEBUG from aquamarine ]: Swapchain: Reconfigured a swapchain to [Vector2D: x: 2560, y: 1440] XR24 of length 3
DEBUG from aquamarine ]: drm: Modesetting DP-2 with 2560x1440@59.95Hz
DEBUG from aquamarine ]: drm: No renderer attached to backend when required for blitting, initializing
DEBUG from aquamarine ]: Created a GBM allocator with drm fd 78
DEBUG from aquamarine ]: Supported EGL client extensions: (16) EGL_EXT_platform_base EGL_EXT_device_base EGL_EXT_device_enumeration EGL_EXT_device_query EGL_KHR_client_get_all_proc_addresses EGL_EXT_client_extensions EGL_KHR_debug EGL_KHR_platform_x11 EGL_EXT_platform_x11 EGL_EXT_platform_device EGL_MESA_platform_surfaceless EGL_EXT_explicit_device EGL_KHR_platform_wayland EGL_EXT_platform_wayland EGL_KHR_platform_gbm EGL_MESA_platform_gbm EGL_EXT_platform_xcb
DEBUG from aquamarine ]: CDRMRenderer(drm): Using device /dev/dri/card1
DEBUG from aquamarine ]: CDRMRenderer: IMG_context_priority supported, requesting high
DEBUG from aquamarine ]: CDRMRenderer: EXT_create_context_robustness supported, requesting lose on reset
DEBUG from aquamarine ]: CDRMRenderer: Using KHR_context_flush_control
DEBUG from aquamarine ]: CDRMRenderer: Got a high priority context
DEBUG from aquamarine ]: Creating CDRMRenderer on gpu /dev/dri/renderD128
DEBUG from aquamarine ]: Using: OpenGL ES 3.2 NVIDIA 535.288.01
DEBUG from aquamarine ]: Vendor: NVIDIA Corporation
DEBUG from aquamarine ]: Renderer: NVIDIA GeForce GTX 1080 Ti/PCIe/SSE2
DEBUG from aquamarine ]: Supported context extensions: (208) GL_EXT_base_instance GL_EXT_blend_func_extended GL_EXT_blend_minmax GL_EXT_buffer_storage GL_EXT_clear_texture GL_EXT_clip_control GL_EXT_clip_cull_distance GL_EXT_color_buffer_float GL_EXT_color_buffer_half_float GL_EXT_conservative_depth GL_EXT_copy_image GL_EXT_depth_clamp GL_EXT_debug_label GL_EXT_discard_framebuffer GL_EXT_disjoint_timer_query GL_EXT_draw_buffers_indexed GL_EXT_draw_elements_base_vertex GL_EXT_EGL_image_array GL_EXT_EGL_image_storage GL_EXT_EGL_image_external_wrap_modes GL_EXT_float_blend GL_EXT_frag_depth GL_EXT_geometry_point_size GL_EXT_geometry_shader GL_EXT_gpu_shader5 GL_EXT_map_buffer_range GL_EXT_multi_draw_indirect GL_EXT_multisample_compatibility GL_EXT_multisampled_render_to_texture GL_EXT_multisampled_render_to_texture2 GL_EXT_multiview_texture_multisample GL_EXT_multiview_timer_query GL_EXT_occlusion_query_boolean GL_EXT_polygon_offset_clamp GL_EXT_post_depth_coverage GL_EXT_primitive_bounding_box GL_EXT_raster_multisample GL_EXT_render_snorm GL_EXT_robustness GL_EXT_separate_shader_objects GL_EXT_shader_group_vote GL_EXT_shader_implicit_conversions GL_EXT_shader_integer_mix GL_EXT_shader_io_blocks GL_EXT_shader_non_constant_global_initializers GL_EXT_shader_texture_lod GL_EXT_shadow_samplers GL_EXT_sparse_texture GL_EXT_sparse_texture2 GL_EXT_sRGB GL_EXT_sRGB_write_control GL_EXT_tessellation_point_size GL_EXT_tessellation_shader GL_EXT_texture_border_clamp GL_EXT_texture_buffer GL_EXT_texture_compression_bptc GL_EXT_texture_compression_dxt1 GL_EXT_texture_compression_rgtc GL_EXT_texture_compression_s3tc GL_EXT_texture_cube_map_array GL_EXT_texture_filter_anisotropic GL_EXT_texture_filter_minmax GL_EXT_texture_format_BGRA8888 GL_EXT_texture_mirror_clamp_to_edge GL_EXT_texture_norm16 GL_EXT_texture_query_lod GL_EXT_texture_rg GL_EXT_texture_shadow_lod GL_EXT_texture_sRGB_R8 GL_EXT_texture_sRGB_decode GL_EXT_texture_storage GL_EXT_texture_view GL_EXT_draw_transform_feedback GL_EXT_unpack_subimage GL_EXT_window_rectangles GL_KHR_context_flush_control GL_KHR_debug GL_EXT_memory_object GL_EXT_memory_object_fd GL_NV_memory_object_sparse GL_KHR_parallel_shader_compile GL_KHR_no_error GL_KHR_robust_buffer_access_behavior GL_KHR_robustness GL_EXT_semaphore GL_EXT_semaphore_fd GL_NV_timeline_semaphore GL_KHR_shader_subgroup GL_KHR_texture_compression_astc_ldr GL_KHR_texture_compression_astc_sliced_3d GL_KHR_texture_compression_astc_hdr GL_NV_bgr GL_NV_bindless_texture GL_NV_blend_equation_advanced GL_NV_blend_equation_advanced_coherent GL_NVX_blend_equation_advanced_multi_draw_buffers GL_NV_blend_minmax_factor GL_NV_clip_space_w_scaling GL_NV_conditional_render GL_NV_conservative_raster GL_NV_conservative_raster_pre_snap_triangles GL_NV_copy_buffer GL_NV_copy_image GL_NV_draw_buffers GL_NV_draw_instanced GL_NV_draw_texture GL_NV_draw_vulkan_image GL_NV_EGL_stream_consumer_external GL_NV_explicit_attrib_location GL_NV_fbo_color_attachments GL_NV_fill_rectangle GL_NV_fragment_coverage_to_color GL_NV_fragment_shader_interlock GL_NV_framebuffer_blit GL_NV_framebuffer_mixed_samples GL_NV_framebuffer_multisample GL_NV_generate_mipmap_sRGB GL_NV_geometry_shader_passthrough GL_NV_instanced_arrays GL_NV_internalformat_sample_query GL_NV_gpu_shader5 GL_NV_image_formats GL_NV_memory_attachment GL_NV_occlusion_query_samples GL_NV_non_square_matrices GL_NV_pack_subimage GL_NV_packed_float GL_NV_packed_float_linear GL_NV_path_rendering GL_NV_path_rendering_shared_edge GL_NV_pixel_buffer_object GL_NV_polygon_mode GL_NV_read_buffer GL_NV_read_depth GL_NV_read_depth_stencil GL_NV_read_stencil GL_NV_sample_locations GL_NV_sample_mask_override_coverage GL_NV_shader_atomic_fp16_vector GL_NV_shader_noperspective_interpolation GL_NV_shader_subgroup_partitioned GL_NV_shadow_samplers_array GL_NV_shadow_samplers_cube GL_NV_sRGB_formats GL_NV_stereo_view_rendering GL_NV_texture_array GL_NV_texture_barrier GL_NV_texture_border_clamp GL_NV_texture_compression_latc GL_NV_texture_compression_s3tc GL_NV_texture_compression_s3tc_update GL_NV_timer_query GL_NV_viewport_array GL_NV_viewport_array2 GL_NV_viewport_swizzle GL_KHR_blend_equation_advanced GL_KHR_blend_equation_advanced_coherent GL_OES_compressed_ETC1_RGB8_texture GL_EXT_compressed_ETC1_RGB8_sub_texture GL_OES_depth24 GL_OES_depth32 GL_OES_depth_texture GL_OES_depth_texture_cube_map GL_OES_copy_image GL_OES_draw_buffers_indexed GL_OES_draw_elements_base_vertex GL_OES_texture_border_clamp GL_OES_tessellation_point_size GL_OES_tessellation_shader GL_OES_texture_buffer GL_OES_geometry_point_size GL_OES_geometry_shader GL_OES_gpu_shader5 GL_OES_shader_io_blocks GL_OES_texture_view GL_OES_primitive_bounding_box GL_OES_EGL_image GL_OES_EGL_image_external GL_OES_EGL_image_external_essl3 GL_OES_EGL_sync GL_OES_element_index_uint GL_OES_fbo_render_mipmap GL_OES_get_program_binary GL_OES_mapbuffer GL_OES_packed_depth_stencil GL_OES_rgb8_rgba8 GL_EXT_read_format_bgra GL_OES_sample_shading GL_OES_sample_variables GL_OES_shader_image_atomic GL_OES_shader_multisample_interpolation GL_OES_standard_derivatives GL_OES_surfaceless_context GL_OES_texture_cube_map_array GL_OES_texture_npot GL_OES_texture_float GL_OES_texture_float_linear GL_OES_texture_half_float GL_OES_texture_half_float_linear GL_OES_texture_stencil8 GL_OES_texture_storage_multisample_2d_array GL_OES_vertex_array_object GL_OES_vertex_half_float GL_OES_viewport_array GL_OVR_multiview GL_OVR_multiview2 GL_OVR_multiview_multisampled_render_to_texture GL_ANDROID_extension_pack_es31a 
DEBUG from aquamarine ]: GBM: Allocated a new buffer with size [Vector2D: x: 2560, y: 1440] and format XR24 with modifier 0x3000000004fe014 : BLOCK_LINEAR_2D,HEIGHT=4,KIND=254,GEN=0,SECTOR=1,COMPRESSION=0
DEBUG from aquamarine ]: GBM: Allocated a new buffer with size [Vector2D: x: 2560, y: 1440] and format XR24 with modifier 0x3000000004fe014 : BLOCK_LINEAR_2D,HEIGHT=4,KIND=254,GEN=0,SECTOR=1,COMPRESSION=0
DEBUG from aquamarine ]: GBM: Allocated a new buffer with size [Vector2D: x: 2560, y: 1440] and format XR24 with modifier 0x3000000004fe014 : BLOCK_LINEAR_2D,HEIGHT=4,KIND=254,GEN=0,SECTOR=1,COMPRESSION=0
DEBUG from aquamarine ]: Swapchain: Reconfigured a swapchain to [Vector2D: x: 2560, y: 1440] XR24 of length 3
DEBUG from aquamarine ]: EGL (blit): No attachment in from, creating a new image
DEBUG from aquamarine ]: CDRMRenderer::glTex: found format+mod, external = true
DEBUG from aquamarine ]: EGL (blit): No attachment in to, creating a new image
ERR from aquamarine ]: [EGL] Command eglCreateSyncKHR errored out with EGL_BAD_ATTRIBUTE (0x12292): EGL_BAD_ATTRIBUTE error: In eglCreateSyncKHR: Unknown EGLSync type (0x3144)

ERR from aquamarine ]: Couldn't get the gamma_size prop
DEBUG from aquamarine ]: EGL (blit): No attachment in to, creating a new image
ERR from aquamarine ]: [EGL] Command eglCreateSyncKHR errored out with EGL_BAD_ATTRIBUTE (0x12292): EGL_BAD_ATTRIBUTE error: In eglCreateSyncKHR: Unknown EGLSync type (0x3144)

DEBUG from aquamarine ]: drm: Modesetting DP-2 with 2560x1440@59.95Hz
ERR from aquamarine ]: drm: Cannot commit when a page-flip is awaiting
ERR from aquamarine ]: Couldn't get the gamma_size prop
DEBUG from aquamarine ]: backend: poll fd 16 for implementation headless
DEBUG from aquamarine ]: backend: poll fd 43 for implementation drm
DEBUG from aquamarine ]: backend: poll fd 41 for implementation drm
DEBUG from aquamarine ]: backend: poll fd 17 for session
DEBUG from aquamarine ]: backend: poll fd 19 for session
DEBUG from aquamarine ]: backend: poll fd 20 for session
DEBUG from aquamarine ]: backend: poll fd 42 for idle
DEBUG from aquamarine ]: libinput: New device Power Button: 0-1
DEBUG from aquamarine ]: libinput: New device Power Button: 0-1
DEBUG from aquamarine ]: libinput: New device Sleep Button: 0-3
DEBUG from aquamarine ]: libinput: New device ASUS ROG Claymore Gaming Keyboard: 2821-6221
DEBUG from aquamarine ]: libinput: New device ASUS ROG Claymore Gaming Keyboard System Control: 2821-6221
DEBUG from aquamarine ]: libinput: New device ASUS ROG Claymore Gaming Keyboard Consumer Control: 2821-6221
DEBUG from aquamarine ]: libinput: New device ASUS ROG Claymore Gaming Keyboard Mouse: 2821-6221
DEBUG from aquamarine ]: libinput: New device ASUS ROG Claymore Gaming Keyboard: 2821-6221
DEBUG from aquamarine ]: libinput: New device ASUS ROG Gladius II: 2821-6213
DEBUG from aquamarine ]: libinput: New device ASUS ROG Gladius II Keyboard: 2821-6213
DEBUG from aquamarine ]: libinput: New device ZSA Technology Labs Moonlander Mark I: 12951-6505
DEBUG from aquamarine ]: libinput: New device ZSA Technology Labs Moonlander Mark I Keyboard: 12951-6505
DEBUG from aquamarine ]: libinput: New device ZSA Technology Labs Moonlander Mark I System Control: 12951-6505
DEBUG from aquamarine ]: libinput: New device ZSA Technology Labs Moonlander Mark I Consumer Control: 12951-6505
DEBUG from aquamarine ]: libinput: New device Eee PC WMI hotkeys: 0-0
DEBUG from aquamarine ]: libinput: New device keyd virtual keyboard: 4012-2782
DEBUG from aquamarine ]: libinput: New device keyd virtual pointer: 4012-6878
DEBUG from aquamarine ]: [libinput] event26 - keyd virtual keyboard: device removed

DEBUG from aquamarine ]: [libinput] event14 - Eee PC WMI hotkeys: device removed

DEBUG from aquamarine ]: [libinput] event3  - ASUS ROG Claymore Gaming Keyboard Mouse: device removed

DEBUG from aquamarine ]: [libinput] event6  - ASUS ROG Gladius II Keyboard: device removed

DEBUG from aquamarine ]: [libinput] event0  - ASUS ROG Claymore Gaming Keyboard: device removed

DEBUG from aquamarine ]: [libinput] event8  - ZSA Technology Labs Moonlander Mark I System Control: device removed

DEBUG from aquamarine ]: [libinput] event5  - ASUS ROG Gladius II: device removed

DEBUG from aquamarine ]: [libinput] event2  - ASUS ROG Claymore Gaming Keyboard Consumer Control: device removed

DEBUG from aquamarine ]: [libinput] event13 - Power Button: device removed

DEBUG from aquamarine ]: [libinput] event11 - Sleep Button: device removed

DEBUG from aquamarine ]: [libinput] event10 - ZSA Technology Labs Moonlander Mark I Keyboard: device removed

DEBUG from aquamarine ]: [libinput] event1  - ASUS ROG Claymore Gaming Keyboard System Control: device removed

DEBUG from aquamarine ]: [libinput] event4  - ASUS ROG Claymore Gaming Keyboard: device removed

DEBUG from aquamarine ]: [libinput] event12 - Power Button: device removed

DEBUG from aquamarine ]: [libinput] event9  - ZSA Technology Labs Moonlander Mark I Consumer Control: device removed

DEBUG from aquamarine ]: [libinput] event7  - ZSA Technology Labs Moonlander Mark I: device removed

DEBUG from aquamarine ]: [libinput] event27 - keyd virtual pointer: device removed

DEBUG from aquamarine ]: [libseat] [libseat/backend/logind.c:351] Disabling seat
DEBUG from aquamarine ]: udev: new udev change event for card1
DEBUG from aquamarine ]: udev: DRM device card1 changed
DEBUG from aquamarine ]: udev: DRM device card1 change event unrecognized
DEBUG from aquamarine ]: drm: Got a hotplug event for /dev/dri/card1
DEBUG from aquamarine ]: drm: Scanning connectors for /dev/dri/card1
DEBUG from aquamarine ]: drm: Scanning connector id 78
DEBUG from aquamarine ]: drm: Connector id 78 already initialized
DEBUG from aquamarine ]: drm: Connector 78 connection state: 2
DEBUG from aquamarine ]: drm: Scanning connector id 80
DEBUG from aquamarine ]: drm: Connector id 80 already initialized
DEBUG from aquamarine ]: drm: Connector 80 connection state: 2
DEBUG from aquamarine ]: drm: Scanning connector id 82
DEBUG from aquamarine ]: drm: Connector id 82 already initialized
DEBUG from aquamarine ]: drm: Connector 82 connection state: 2
DEBUG from aquamarine ]: drm: Scanning connector id 84
DEBUG from aquamarine ]: drm: Connector id 84 already initialized
DEBUG from aquamarine ]: drm: Connector 84 connection state: 2
DEBUG from aquamarine ]: drm: Scanning connector id 87
DEBUG from aquamarine ]: drm: Connector id 87 already initialized
DEBUG from aquamarine ]: drm: connector DP-2 crtc is incapable of vrr: props.vrr_capable -> 93, crtc->props.vrr_enabled -> 24
DEBUG from aquamarine ]: drm: Explicit sync unsupported
DEBUG from aquamarine ]: drm: connector DP-2 crtc doesn't support CTM
DEBUG from aquamarine ]: drm: connector DP-2 crtc doesn't support HDR (0)
DEBUG from aquamarine ]: drm: connector DP-2 crtc doesn't support Colorspace (0)
DEBUG from aquamarine ]: drm: Connector 87 connection state: 1
DEBUG from aquamarine ]: drm: Rechecking CRTCs
DEBUG from aquamarine ]: drm: connector DVI-D-1, has crtc -1, will be rechecked
DEBUG from aquamarine ]: drm: connector HDMI-A-1, has crtc -1, will be rechecked
DEBUG from aquamarine ]: drm: connector HDMI-A-2, has crtc -1, will be rechecked
DEBUG from aquamarine ]: drm: connector DP-1, has crtc -1, will be rechecked
DEBUG from aquamarine ]: drm: Skipping connector DP-2, has crtc 43 and is connected
DEBUG from aquamarine ]: drm: slot 0 crtc 43 taken by DP-2, skipping
DEBUG from aquamarine ]: drm: slot 1 crtc 53 unassigned
DEBUG from aquamarine ]: drm: slot 2 crtc 63 unassigned
DEBUG from aquamarine ]: drm: slot 3 crtc 73 unassigned
DEBUG from aquamarine ]: drm: Connector DVI-D-1 is not connected
DEBUG from aquamarine ]: drm: Connector HDMI-A-1 is not connected
DEBUG from aquamarine ]: drm: Connector HDMI-A-2 is not connected
DEBUG from aquamarine ]: drm: Connector DP-1 is not connected
DEBUG from aquamarine ]: udev: new udev change event for card0
DEBUG from aquamarine ]: udev: DRM device card0 changed
DEBUG from aquamarine ]: udev: DRM device card0 change event unrecognized
DEBUG from aquamarine ]: drm: Got a hotplug event for /dev/dri/card0
DEBUG from aquamarine ]: drm: Scanning connectors for /dev/dri/card0
DEBUG from aquamarine ]: drm: Scanning connector id 37
DEBUG from aquamarine ]: drm: Connector id 37 already initialized
DEBUG from aquamarine ]: drm: connector Unknown-1 crtc is incapable of vrr: props.vrr_capable -> 0, crtc->props.vrr_enabled -> 24
DEBUG from aquamarine ]: drm: Explicit sync unsupported
DEBUG from aquamarine ]: drm: connector Unknown-1 crtc doesn't support CTM
DEBUG from aquamarine ]: drm: connector Unknown-1 crtc doesn't support HDR (0)
DEBUG from aquamarine ]: drm: connector Unknown-1 crtc doesn't support Colorspace (0)
DEBUG from aquamarine ]: drm: Connector 37 connection state: 1
DEBUG from aquamarine ]: drm: Rechecking CRTCs
DEBUG from aquamarine ]: drm: Skipping connector Unknown-1, has crtc 35 and is connected
DEBUG from aquamarine ]: drm: slot 0 crtc 35 taken by Unknown-1, skipping
DEBUG from aquamarine ]: Supported EGL client extensions: (16) EGL_EXT_platform_base EGL_EXT_device_base EGL_EXT_device_enumeration EGL_EXT_device_query EGL_KHR_client_get_all_proc_addresses EGL_EXT_client_extensions EGL_KHR_debug EGL_KHR_platform_x11 EGL_EXT_platform_x11 EGL_EXT_platform_device EGL_MESA_platform_surfaceless EGL_EXT_explicit_device EGL_KHR_platform_wayland EGL_EXT_platform_wayland EGL_KHR_platform_gbm EGL_MESA_platform_gbm EGL_EXT_platform_xcb
ERR from aquamarine ]: [EGL] Command eglQueryDeviceStringEXT errored out with EGL_BAD_PARAMETER (0x12300): eglQueryDeviceStringEXT
ERR from aquamarine ]: [EGL] Command eglQueryDeviceStringEXT errored out with EGL_BAD_PARAMETER (0x12300): eglQueryDeviceStringEXT
ERR from aquamarine ]: CDRMRenderer(drm): Can't create renderer, no matching devices found
ERR from aquamarine ]: drm: initMgpu: no renderer
ERR from aquamarine ]: drm: Failed to update renderer state for /dev/dri/card0
DEBUG from aquamarine ]: udev: new udev change event for card1
DEBUG from aquamarine ]: udev: DRM device card1 changed
DEBUG from aquamarine ]: udev: DRM device card1 change event unrecognized
DEBUG from aquamarine ]: drm: Got a hotplug event for /dev/dri/card1
DEBUG from aquamarine ]: drm: Scanning connectors for /dev/dri/card1
DEBUG from aquamarine ]: drm: Scanning connector id 78
DEBUG from aquamarine ]: drm: Connector id 78 already initialized
DEBUG from aquamarine ]: drm: Connector 78 connection state: 2
DEBUG from aquamarine ]: drm: Scanning connector id 80
DEBUG from aquamarine ]: drm: Connector id 80 already initialized
DEBUG from aquamarine ]: drm: Connector 80 connection state: 2
DEBUG from aquamarine ]: drm: Scanning connector id 82
DEBUG from aquamarine ]: drm: Connector id 82 already initialized
DEBUG from aquamarine ]: drm: Connector 82 connection state: 2
DEBUG from aquamarine ]: drm: Scanning connector id 84
DEBUG from aquamarine ]: drm: Connector id 84 already initialized
DEBUG from aquamarine ]: drm: Connector 84 connection state: 2
DEBUG from aquamarine ]: drm: Scanning connector id 87
DEBUG from aquamarine ]: drm: Connector id 87 already initialized
DEBUG from aquamarine ]: drm: connector DP-2 crtc is incapable of vrr: props.vrr_capable -> 93, crtc->props.vrr_enabled -> 24
DEBUG from aquamarine ]: drm: Explicit sync unsupported
DEBUG from aquamarine ]: drm: connector DP-2 crtc doesn't support CTM
DEBUG from aquamarine ]: drm: connector DP-2 crtc doesn't support HDR (0)
DEBUG from aquamarine ]: drm: connector DP-2 crtc doesn't support Colorspace (0)
DEBUG from aquamarine ]: drm: Connector 87 connection state: 1
DEBUG from aquamarine ]: drm: Rechecking CRTCs
DEBUG from aquamarine ]: drm: connector DVI-D-1, has crtc -1, will be rechecked
DEBUG from aquamarine ]: drm: connector HDMI-A-1, has crtc -1, will be rechecked
DEBUG from aquamarine ]: drm: connector HDMI-A-2, has crtc -1, will be rechecked
DEBUG from aquamarine ]: drm: connector DP-1, has crtc -1, will be rechecked
DEBUG from aquamarine ]: drm: Skipping connector DP-2, has crtc 43 and is connected
DEBUG from aquamarine ]: drm: slot 0 crtc 43 taken by DP-2, skipping
DEBUG from aquamarine ]: drm: slot 1 crtc 53 unassigned
DEBUG from aquamarine ]: drm: slot 2 crtc 63 unassigned
DEBUG from aquamarine ]: drm: slot 3 crtc 73 unassigned
DEBUG from aquamarine ]: drm: Connector DVI-D-1 is not connected
DEBUG from aquamarine ]: drm: Connector HDMI-A-1 is not connected
DEBUG from aquamarine ]: drm: Connector HDMI-A-2 is not connected
DEBUG from aquamarine ]: drm: Connector DP-1 is not connected
DEBUG from aquamarine ]: udev: new udev change event for card0
DEBUG from aquamarine ]: udev: DRM device card0 changed
DEBUG from aquamarine ]: udev: DRM device card0 change event unrecognized
DEBUG from aquamarine ]: drm: Got a hotplug event for /dev/dri/card0
DEBUG from aquamarine ]: drm: Scanning connectors for /dev/dri/card0
DEBUG from aquamarine ]: drm: Scanning connector id 37
DEBUG from aquamarine ]: drm: Connector id 37 already initialized
DEBUG from aquamarine ]: drm: connector Unknown-1 crtc is incapable of vrr: props.vrr_capable -> 0, crtc->props.vrr_enabled -> 24
DEBUG from aquamarine ]: drm: Explicit sync unsupported
DEBUG from aquamarine ]: drm: connector Unknown-1 crtc doesn't support CTM
DEBUG from aquamarine ]: drm: connector Unknown-1 crtc doesn't support HDR (0)
DEBUG from aquamarine ]: drm: connector Unknown-1 crtc doesn't support Colorspace (0)
DEBUG from aquamarine ]: drm: Connector 37 connection state: 1
DEBUG from aquamarine ]: drm: Rechecking CRTCs
DEBUG from aquamarine ]: drm: Skipping connector Unknown-1, has crtc 35 and is connected
DEBUG from aquamarine ]: drm: slot 0 crtc 35 taken by Unknown-1, skipping
DEBUG from aquamarine ]: Supported EGL client extensions: (16) EGL_EXT_platform_base EGL_EXT_device_base EGL_EXT_device_enumeration EGL_EXT_device_query EGL_KHR_client_get_all_proc_addresses EGL_EXT_client_extensions EGL_KHR_debug EGL_KHR_platform_x11 EGL_EXT_platform_x11 EGL_EXT_platform_device EGL_MESA_platform_surfaceless EGL_EXT_explicit_device EGL_KHR_platform_wayland EGL_EXT_platform_wayland EGL_KHR_platform_gbm EGL_MESA_platform_gbm EGL_EXT_platform_xcb
ERR from aquamarine ]: [EGL] Command eglQueryDeviceStringEXT errored out with EGL_BAD_PARAMETER (0x12300): eglQueryDeviceStringEXT
ERR from aquamarine ]: [EGL] Command eglQueryDeviceStringEXT errored out with EGL_BAD_PARAMETER (0x12300): eglQueryDeviceStringEXT
ERR from aquamarine ]: CDRMRenderer(drm): Can't create renderer, no matching devices found
ERR from aquamarine ]: drm: initMgpu: no renderer
ERR from aquamarine ]: drm: Failed to update renderer state for /dev/dri/card0
DEBUG from aquamarine ]: udev: new udev change event for card1
DEBUG from aquamarine ]: udev: DRM device card1 changed
DEBUG from aquamarine ]: udev: DRM device card1 change event unrecognized
DEBUG from aquamarine ]: drm: Got a hotplug event for /dev/dri/card1
DEBUG from aquamarine ]: drm: Scanning connectors for /dev/dri/card1
DEBUG from aquamarine ]: drm: Scanning connector id 78
DEBUG from aquamarine ]: drm: Connector id 78 already initialized
DEBUG from aquamarine ]: drm: Connector 78 connection state: 2
DEBUG from aquamarine ]: drm: Scanning connector id 80
DEBUG from aquamarine ]: drm: Connector id 80 already initialized
DEBUG from aquamarine ]: drm: Connector 80 connection state: 2
DEBUG from aquamarine ]: drm: Scanning connector id 82
DEBUG from aquamarine ]: drm: Connector id 82 already initialized
DEBUG from aquamarine ]: drm: Connector 82 connection state: 2
DEBUG from aquamarine ]: drm: Scanning connector id 84
DEBUG from aquamarine ]: drm: Connector id 84 already initialized
DEBUG from aquamarine ]: drm: Connector 84 connection state: 2
DEBUG from aquamarine ]: drm: Scanning connector id 87
DEBUG from aquamarine ]: drm: Connector id 87 already initialized
DEBUG from aquamarine ]: drm: connector DP-2 crtc is incapable of vrr: props.vrr_capable -> 93, crtc->props.vrr_enabled -> 24
DEBUG from aquamarine ]: drm: Explicit sync unsupported
DEBUG from aquamarine ]: drm: connector DP-2 crtc doesn't support CTM
DEBUG from aquamarine ]: drm: connector DP-2 crtc doesn't support HDR (0)
DEBUG from aquamarine ]: drm: connector DP-2 crtc doesn't support Colorspace (0)
DEBUG from aquamarine ]: drm: Connector 87 connection state: 1
DEBUG from aquamarine ]: drm: Rechecking CRTCs
DEBUG from aquamarine ]: drm: connector DVI-D-1, has crtc -1, will be rechecked